Arguments: 
  /Users/BenNolan/.nvm/versions/node/v6.10.3/bin/node /usr/local/Cellar/yarn/1.2.1/libexec/bin/yarn.js init

PATH: 
  /Users/BenNolan/.nvm/versions/node/v6.10.3/bin:/Users/BenNolan/.node/bin:/Users/BenNolan/.node/bin:/Users/BenNolan/.node/bin:/usr/local/bin:/usr/bin:/bin:/usr/sbin:/sbin:/Users/BenNolan/.rvm/bin

Yarn version: 
  1.2.1

Node version: 
  6.10.3

Platform: 
  darwin x64

npm manifest: 
  No manifest

yarn manifest: 
  No manifest

Lockfile: 
  No lockfile

Trace: 
  Error: canceled
      at Interface.<anonymous> (/usr/local/Cellar/yarn/1.2.1/libexec/lib/cli.js:120971:13)
      at emitNone (events.js:86:13)
      at Interface.emit (events.js:185:7)
      at Interface._ttyWrite (readline.js:717:16)
      at ReadStream.onkeypress (readline.js:117:10)
      at emitTwo (events.js:106:13)
      at ReadStream.emit (events.js:191:7)
      at emitKeys (internal/readline.js:389:14)
      at next (native)
      at ReadStream.onData (readline.js:963:36)
